<?xml version="1.0" encoding="UTF-8" ?>
<testsuite tests="8" failures="0" name="EtudiantDaoImplTest" time="0.523" errors="0" skipped="0">
  <properties>
[...]
</properties>
  <testcase classname="EtudiantDaoImplTest" name="testUpdateEtudiant" time="0.119"/>
  <testcase classname="EtudiantDaoImplTest" name="getEtudiantById" time="0.062"/>
  <testcase classname="EtudiantDaoImplTest" name="testGetById" time="0.033"/>
  <testcase classname="EtudiantDaoImplTest" name="testGetAllEtudiantSize" time="0.135"/>
  <testcase classname="EtudiantDaoImplTest" name="testDeleteEtudiant" time="0.061"/>
  <testcase classname="EtudiantDaoImplTest" name="testAddEtudiantNom" time="0.041"/>
  <testcase classname="EtudiantDaoImplTest" name="testGetAllEtudiant" time="0.036"/>
  <testcase classname="EtudiantDaoImplTest" name="testAddEtudiant" time="0.036"/>
</testsuite>